2025-03-04 13:26:49 - INFO - c.e.Wonderdrug.WonderdrugApplication - Starting WonderdrugApplication using Java 21.0.5 with PID 20608 (C:\Users\Karan\git\repository\Wonderdrug\target\classes started by Karan in C:\Users\Karan\git\repository\Wonderdrug)
2025-03-04 13:26:49 - DEBUG - c.e.Wonderdrug.WonderdrugApplication - Running with Spring Boot v3.4.3, Spring v6.2.3
2025-03-04 13:26:49 - INFO - c.e.Wonderdrug.WonderdrugApplication - No active profile set, falling back to 1 default profile: "default"
2025-03-04 13:26:49 - INFO - o.s.b.d.e.DevToolsPropertyDefaultsPostProcessor - Devtools property defaults active! Set 'spring.devtools.add-properties' to 'false' to disable
2025-03-04 13:26:49 - INFO - o.s.b.d.e.DevToolsPropertyDefaultsPostProcessor - For additional web related logging consider setting the 'logging.level.web' property to 'DEBUG'
2025-03-04 13:26:51 - INFO - o.s.b.w.e.tomcat.TomcatWebServer - Tomcat initialized with port 8081 (http)
2025-03-04 13:26:51 - INFO - o.a.catalina.core.StandardService - Starting service [Tomcat]
2025-03-04 13:26:51 - INFO - o.a.catalina.core.StandardEngine - Starting Servlet engine: [Apache Tomcat/10.1.36]
2025-03-04 13:26:51 - INFO - o.a.c.c.C.[Tomcat].[localhost].[/] - Initializing Spring embedded WebApplicationContext
2025-03-04 13:26:51 - INFO - o.s.b.w.s.c.ServletWebServerApplicationContext - Root WebApplicationContext: initialization completed in 1810 ms
2025-03-04 13:26:51 - WARN - o.s.b.w.s.c.AnnotationConfigServletWebServerApplicationContext - Exception encountered during context initialization - cancelling refresh attempt: org.springframework.beans.factory.BeanCreationException: Error creating bean with name 'batchConfig' defined in file [C:\Users\Karan\git\repository\Wonderdrug\target\classes\com\example\Wonderdrug\schedular\BatchConfig.class]: Encountered invalid @Scheduled method 'runTask': For input string: ""0" '"0' in cron expression ""0 0 4 * * ?"
2025-03-04 13:26:51 - INFO - o.a.catalina.core.StandardService - Stopping service [Tomcat]
2025-03-04 13:26:51 - INFO - o.s.b.a.l.ConditionEvaluationReportLogger - 

Error starting ApplicationContext. To display the condition evaluation report re-run your application with 'debug' enabled.
2025-03-04 13:26:51 - ERROR - o.s.boot.SpringApplication - Application run failed
org.springframework.beans.factory.BeanCreationException: Error creating bean with name 'batchConfig' defined in file [C:\Users\Karan\git\repository\Wonderdrug\target\classes\com\example\Wonderdrug\schedular\BatchConfig.class]: Encountered invalid @Scheduled method 'runTask': For input string: ""0" '"0' in cron expression ""0 0 4 * * ?"
	at org.springframework.beans.factory.support.AbstractAutowireCapableBeanFactory.doCreateBean(AbstractAutowireCapableBeanFactory.java:608)
	at org.springframework.beans.factory.support.AbstractAutowireCapableBeanFactory.createBean(AbstractAutowireCapableBeanFactory.java:523)
	at org.springframework.beans.factory.support.AbstractBeanFactory.lambda$doGetBean$0(AbstractBeanFactory.java:339)
	at org.springframework.beans.factory.support.DefaultSingletonBeanRegistry.getSingleton(DefaultSingletonBeanRegistry.java:346)
	at org.springframework.beans.factory.support.AbstractBeanFactory.doGetBean(AbstractBeanFactory.java:337)
	at org.springframework.beans.factory.support.AbstractBeanFactory.getBean(AbstractBeanFactory.java:202)
	at org.springframework.beans.factory.support.DefaultListableBeanFactory.instantiateSingleton(DefaultListableBeanFactory.java:1155)
	at org.springframework.beans.factory.support.DefaultListableBeanFactory.preInstantiateSingleton(DefaultListableBeanFactory.java:1121)
	at org.springframework.beans.factory.support.DefaultListableBeanFactory.preInstantiateSingletons(DefaultListableBeanFactory.java:1056)
	at org.springframework.context.support.AbstractApplicationContext.finishBeanFactoryInitialization(AbstractApplicationContext.java:987)
	at org.springframework.context.support.AbstractApplicationContext.refresh(AbstractApplicationContext.java:627)
	at org.springframework.boot.web.servlet.context.ServletWebServerApplicationContext.refresh(ServletWebServerApplicationContext.java:146)
	at org.springframework.boot.SpringApplication.refresh(SpringApplication.java:752)
	at org.springframework.boot.SpringApplication.refreshContext(SpringApplication.java:439)
	at org.springframework.boot.SpringApplication.run(SpringApplication.java:318)
	at org.springframework.boot.SpringApplication.run(SpringApplication.java:1361)
	at org.springframework.boot.SpringApplication.run(SpringApplication.java:1350)
	at com.example.Wonderdrug.WonderdrugApplication.main(WonderdrugApplication.java:13)
	at java.base/jdk.internal.reflect.DirectMethodHandleAccessor.invoke(DirectMethodHandleAccessor.java:103)
	at java.base/java.lang.reflect.Method.invoke(Method.java:580)
	at org.springframework.boot.devtools.restart.RestartLauncher.run(RestartLauncher.java:50)
Caused by: java.lang.IllegalStateException: Encountered invalid @Scheduled method 'runTask': For input string: ""0" '"0' in cron expression ""0 0 4 * * ?"
	at org.springframework.scheduling.annotation.ScheduledAnnotationBeanPostProcessor.processScheduledTask(ScheduledAnnotationBeanPostProcessor.java:525)
	at org.springframework.scheduling.annotation.ScheduledAnnotationBeanPostProcessor.processScheduledSync(ScheduledAnnotationBeanPostProcessor.java:364)
	at org.springframework.scheduling.annotation.ScheduledAnnotationBeanPostProcessor.processScheduled(ScheduledAnnotationBeanPostProcessor.java:343)
	at org.springframework.scheduling.annotation.ScheduledAnnotationBeanPostProcessor.lambda$postProcessAfterInitialization$1(ScheduledAnnotationBeanPostProcessor.java:308)
	at java.base/java.lang.Iterable.forEach(Iterable.java:75)
	at org.springframework.scheduling.annotation.ScheduledAnnotationBeanPostProcessor.lambda$postProcessAfterInitialization$2(ScheduledAnnotationBeanPostProcessor.java:308)
	at java.base/java.util.LinkedHashMap.forEach(LinkedHashMap.java:986)
	at org.springframework.scheduling.annotation.ScheduledAnnotationBeanPostProcessor.postProcessAfterInitialization(ScheduledAnnotationBeanPostProcessor.java:307)
	at org.springframework.beans.factory.support.AbstractAutowireCapableBeanFactory.applyBeanPostProcessorsAfterInitialization(AbstractAutowireCapableBeanFactory.java:439)
	at org.springframework.beans.factory.support.AbstractAutowireCapableBeanFactory.initializeBean(AbstractAutowireCapableBeanFactory.java:1815)
	at org.springframework.beans.factory.support.AbstractAutowireCapableBeanFactory.doCreateBean(AbstractAutowireCapableBeanFactory.java:601)
	... 20 common frames omitted
2025-03-04 13:27:53 - INFO - c.e.Wonderdrug.WonderdrugApplication - Starting WonderdrugApplication using Java 21.0.5 with PID 25224 (C:\Users\Karan\git\repository\Wonderdrug\target\classes started by Karan in C:\Users\Karan\git\repository\Wonderdrug)
2025-03-04 13:27:53 - DEBUG - c.e.Wonderdrug.WonderdrugApplication - Running with Spring Boot v3.4.3, Spring v6.2.3
2025-03-04 13:27:53 - INFO - c.e.Wonderdrug.WonderdrugApplication - No active profile set, falling back to 1 default profile: "default"
2025-03-04 13:27:53 - INFO - o.s.b.d.e.DevToolsPropertyDefaultsPostProcessor - Devtools property defaults active! Set 'spring.devtools.add-properties' to 'false' to disable
2025-03-04 13:27:53 - INFO - o.s.b.d.e.DevToolsPropertyDefaultsPostProcessor - For additional web related logging consider setting the 'logging.level.web' property to 'DEBUG'
2025-03-04 13:27:55 - INFO - o.s.b.w.e.tomcat.TomcatWebServer - Tomcat initialized with port 8081 (http)
2025-03-04 13:27:55 - INFO - o.a.catalina.core.StandardService - Starting service [Tomcat]
2025-03-04 13:27:55 - INFO - o.a.catalina.core.StandardEngine - Starting Servlet engine: [Apache Tomcat/10.1.36]
2025-03-04 13:27:55 - INFO - o.a.c.c.C.[Tomcat].[localhost].[/] - Initializing Spring embedded WebApplicationContext
2025-03-04 13:27:55 - INFO - o.s.b.w.s.c.ServletWebServerApplicationContext - Root WebApplicationContext: initialization completed in 1651 ms
2025-03-04 13:27:55 - WARN - o.s.b.w.s.c.AnnotationConfigServletWebServerApplicationContext - Exception encountered during context initialization - cancelling refresh attempt: org.springframework.beans.factory.BeanCreationException: Error creating bean with name 'batchConfig' defined in file [C:\Users\Karan\git\repository\Wonderdrug\target\classes\com\example\Wonderdrug\schedular\BatchConfig.class]: Encountered invalid @Scheduled method 'runTask': For input string: ""0" '"0' in cron expression ""0 0 4 * * ?"
2025-03-04 13:27:55 - INFO - o.a.catalina.core.StandardService - Stopping service [Tomcat]
2025-03-04 13:27:55 - INFO - o.s.b.a.l.ConditionEvaluationReportLogger - 

Error starting ApplicationContext. To display the condition evaluation report re-run your application with 'debug' enabled.
2025-03-04 13:27:55 - ERROR - o.s.boot.SpringApplication - Application run failed
org.springframework.beans.factory.BeanCreationException: Error creating bean with name 'batchConfig' defined in file [C:\Users\Karan\git\repository\Wonderdrug\target\classes\com\example\Wonderdrug\schedular\BatchConfig.class]: Encountered invalid @Scheduled method 'runTask': For input string: ""0" '"0' in cron expression ""0 0 4 * * ?"
	at org.springframework.beans.factory.support.AbstractAutowireCapableBeanFactory.doCreateBean(AbstractAutowireCapableBeanFactory.java:608)
	at org.springframework.beans.factory.support.AbstractAutowireCapableBeanFactory.createBean(AbstractAutowireCapableBeanFactory.java:523)
	at org.springframework.beans.factory.support.AbstractBeanFactory.lambda$doGetBean$0(AbstractBeanFactory.java:339)
	at org.springframework.beans.factory.support.DefaultSingletonBeanRegistry.getSingleton(DefaultSingletonBeanRegistry.java:346)
	at org.springframework.beans.factory.support.AbstractBeanFactory.doGetBean(AbstractBeanFactory.java:337)
	at org.springframework.beans.factory.support.AbstractBeanFactory.getBean(AbstractBeanFactory.java:202)
	at org.springframework.beans.factory.support.DefaultListableBeanFactory.instantiateSingleton(DefaultListableBeanFactory.java:1155)
	at org.springframework.beans.factory.support.DefaultListableBeanFactory.preInstantiateSingleton(DefaultListableBeanFactory.java:1121)
	at org.springframework.beans.factory.support.DefaultListableBeanFactory.preInstantiateSingletons(DefaultListableBeanFactory.java:1056)
	at org.springframework.context.support.AbstractApplicationContext.finishBeanFactoryInitialization(AbstractApplicationContext.java:987)
	at org.springframework.context.support.AbstractApplicationContext.refresh(AbstractApplicationContext.java:627)
	at org.springframework.boot.web.servlet.context.ServletWebServerApplicationContext.refresh(ServletWebServerApplicationContext.java:146)
	at org.springframework.boot.SpringApplication.refresh(SpringApplication.java:752)
	at org.springframework.boot.SpringApplication.refreshContext(SpringApplication.java:439)
	at org.springframework.boot.SpringApplication.run(SpringApplication.java:318)
	at org.springframework.boot.SpringApplication.run(SpringApplication.java:1361)
	at org.springframework.boot.SpringApplication.run(SpringApplication.java:1350)
	at com.example.Wonderdrug.WonderdrugApplication.main(WonderdrugApplication.java:13)
	at java.base/jdk.internal.reflect.DirectMethodHandleAccessor.invoke(DirectMethodHandleAccessor.java:103)
	at java.base/java.lang.reflect.Method.invoke(Method.java:580)
	at org.springframework.boot.devtools.restart.RestartLauncher.run(RestartLauncher.java:50)
Caused by: java.lang.IllegalStateException: Encountered invalid @Scheduled method 'runTask': For input string: ""0" '"0' in cron expression ""0 0 4 * * ?"
	at org.springframework.scheduling.annotation.ScheduledAnnotationBeanPostProcessor.processScheduledTask(ScheduledAnnotationBeanPostProcessor.java:525)
	at org.springframework.scheduling.annotation.ScheduledAnnotationBeanPostProcessor.processScheduledSync(ScheduledAnnotationBeanPostProcessor.java:364)
	at org.springframework.scheduling.annotation.ScheduledAnnotationBeanPostProcessor.processScheduled(ScheduledAnnotationBeanPostProcessor.java:343)
	at org.springframework.scheduling.annotation.ScheduledAnnotationBeanPostProcessor.lambda$postProcessAfterInitialization$1(ScheduledAnnotationBeanPostProcessor.java:308)
	at java.base/java.lang.Iterable.forEach(Iterable.java:75)
	at org.springframework.scheduling.annotation.ScheduledAnnotationBeanPostProcessor.lambda$postProcessAfterInitialization$2(ScheduledAnnotationBeanPostProcessor.java:308)
	at java.base/java.util.LinkedHashMap.forEach(LinkedHashMap.java:986)
	at org.springframework.scheduling.annotation.ScheduledAnnotationBeanPostProcessor.postProcessAfterInitialization(ScheduledAnnotationBeanPostProcessor.java:307)
	at org.springframework.beans.factory.support.AbstractAutowireCapableBeanFactory.applyBeanPostProcessorsAfterInitialization(AbstractAutowireCapableBeanFactory.java:439)
	at org.springframework.beans.factory.support.AbstractAutowireCapableBeanFactory.initializeBean(AbstractAutowireCapableBeanFactory.java:1815)
	at org.springframework.beans.factory.support.AbstractAutowireCapableBeanFactory.doCreateBean(AbstractAutowireCapableBeanFactory.java:601)
	... 20 common frames omitted
2025-03-04 13:28:49 - INFO - c.e.Wonderdrug.WonderdrugApplication - Starting WonderdrugApplication using Java 21.0.5 with PID 10456 (C:\Users\Karan\git\repository\Wonderdrug\target\classes started by Karan in C:\Users\Karan\git\repository\Wonderdrug)
2025-03-04 13:28:49 - DEBUG - c.e.Wonderdrug.WonderdrugApplication - Running with Spring Boot v3.4.3, Spring v6.2.3
2025-03-04 13:28:49 - INFO - c.e.Wonderdrug.WonderdrugApplication - No active profile set, falling back to 1 default profile: "default"
2025-03-04 13:28:49 - INFO - o.s.b.d.e.DevToolsPropertyDefaultsPostProcessor - Devtools property defaults active! Set 'spring.devtools.add-properties' to 'false' to disable
2025-03-04 13:28:49 - INFO - o.s.b.d.e.DevToolsPropertyDefaultsPostProcessor - For additional web related logging consider setting the 'logging.level.web' property to 'DEBUG'
2025-03-04 13:28:50 - INFO - o.s.b.w.e.tomcat.TomcatWebServer - Tomcat initialized with port 8081 (http)
2025-03-04 13:28:50 - INFO - o.a.catalina.core.StandardService - Starting service [Tomcat]
2025-03-04 13:28:50 - INFO - o.a.catalina.core.StandardEngine - Starting Servlet engine: [Apache Tomcat/10.1.36]
2025-03-04 13:28:50 - INFO - o.a.c.c.C.[Tomcat].[localhost].[/] - Initializing Spring embedded WebApplicationContext
2025-03-04 13:28:50 - INFO - o.s.b.w.s.c.ServletWebServerApplicationContext - Root WebApplicationContext: initialization completed in 1438 ms
2025-03-04 13:28:51 - INFO - org.quartz.impl.StdSchedulerFactory - Using default implementation for ThreadExecutor
2025-03-04 13:28:51 - INFO - o.quartz.core.SchedulerSignalerImpl - Initialized Scheduler Signaller of type: class org.quartz.core.SchedulerSignalerImpl
2025-03-04 13:28:51 - INFO - org.quartz.core.QuartzScheduler - Quartz Scheduler v.2.3.2 created.
2025-03-04 13:28:51 - INFO - org.quartz.simpl.RAMJobStore - RAMJobStore initialized.
2025-03-04 13:28:51 - INFO - org.quartz.core.QuartzScheduler - Scheduler meta-data: Quartz Scheduler (v2.3.2) 'quartzScheduler' with instanceId 'NON_CLUSTERED'
  Scheduler class: 'org.quartz.core.QuartzScheduler' - running locally.
  NOT STARTED.
  Currently in standby mode.
  Number of jobs executed: 0
  Using thread pool 'org.quartz.simpl.SimpleThreadPool' - with 10 threads.
  Using job-store 'org.quartz.simpl.RAMJobStore' - which does not support persistence. and is not clustered.

2025-03-04 13:28:51 - INFO - org.quartz.impl.StdSchedulerFactory - Quartz scheduler 'quartzScheduler' initialized from an externally provided properties instance.
2025-03-04 13:28:51 - INFO - org.quartz.impl.StdSchedulerFactory - Quartz scheduler version: 2.3.2
2025-03-04 13:28:51 - INFO - org.quartz.core.QuartzScheduler - JobFactory set to: org.springframework.scheduling.quartz.SpringBeanJobFactory@598a1e2e
2025-03-04 13:28:51 - INFO - o.s.b.d.a.OptionalLiveReloadServer - LiveReload server is running on port 35729
2025-03-04 13:28:51 - INFO - o.s.b.w.e.tomcat.TomcatWebServer - Tomcat started on port 8081 (http) with context path '/'
2025-03-04 13:28:51 - INFO - o.s.s.quartz.SchedulerFactoryBean - Starting Quartz Scheduler now
2025-03-04 13:28:51 - INFO - org.quartz.core.QuartzScheduler - Scheduler quartzScheduler_$_NON_CLUSTERED started.
2025-03-04 13:28:51 - INFO - c.e.Wonderdrug.WonderdrugApplication - Started WonderdrugApplication in 2.795 seconds (process running for 3.345)
2025-03-04 13:46:25 - INFO - o.s.b.d.a.LocalDevToolsAutoConfiguration$RestartingClassPathChangeChangedEventListener - Restarting due to 31 class path changes (0 additions, 31 deletions, 0 modifications)
2025-03-04 13:46:25 - INFO - org.quartz.core.QuartzScheduler - Scheduler quartzScheduler_$_NON_CLUSTERED paused.
2025-03-04 13:46:25 - INFO - o.s.b.w.e.tomcat.GracefulShutdown - Commencing graceful shutdown. Waiting for active requests to complete
2025-03-04 13:46:25 - INFO - o.s.b.w.e.tomcat.GracefulShutdown - Graceful shutdown complete
2025-03-04 13:46:25 - INFO - o.s.s.quartz.SchedulerFactoryBean - Shutting down Quartz Scheduler
2025-03-04 13:46:25 - INFO - org.quartz.core.QuartzScheduler - Scheduler quartzScheduler_$_NON_CLUSTERED shutting down.
2025-03-04 13:46:25 - INFO - org.quartz.core.QuartzScheduler - Scheduler quartzScheduler_$_NON_CLUSTERED paused.
2025-03-04 13:46:25 - INFO - org.quartz.core.QuartzScheduler - Scheduler quartzScheduler_$_NON_CLUSTERED shutdown complete.
2025-03-04 14:27:47 - WARN - o.s.b.t.j.DuplicateJsonObjectContextCustomizerFactory$DuplicateJsonObjectContextCustomizer - 

Found multiple occurrences of org.json.JSONObject on the class path:

	jar:file:/C:/Users/Karan/.m2/repository/com/vaadin/external/google/android-json/0.0.20131108.vaadin1/android-json-0.0.20131108.vaadin1.jar!/org/json/JSONObject.class
	jar:file:/C:/Users/Karan/.m2/repository/org/json/json/20231013/json-20231013.jar!/org/json/JSONObject.class

You may wish to exclude one of them to ensure predictable runtime behavior

2025-03-04 14:27:47 - INFO - c.e.W.WonderdrugApplicationTests - Starting WonderdrugApplicationTests using Java 21.0.5 with PID 29348 (started by Karan in C:\Users\Karan\git\repository\Wonderdrug)
2025-03-04 14:27:47 - DEBUG - c.e.W.WonderdrugApplicationTests - Running with Spring Boot v3.4.3, Spring v6.2.3
2025-03-04 14:27:47 - INFO - c.e.W.WonderdrugApplicationTests - No active profile set, falling back to 1 default profile: "default"
2025-03-04 14:27:49 - INFO - org.quartz.impl.StdSchedulerFactory - Using default implementation for ThreadExecutor
2025-03-04 14:27:49 - INFO - o.quartz.core.SchedulerSignalerImpl - Initialized Scheduler Signaller of type: class org.quartz.core.SchedulerSignalerImpl
2025-03-04 14:27:49 - INFO - org.quartz.core.QuartzScheduler - Quartz Scheduler v.2.3.2 created.
2025-03-04 14:27:49 - INFO - org.quartz.simpl.RAMJobStore - RAMJobStore initialized.
2025-03-04 14:27:49 - INFO - org.quartz.core.QuartzScheduler - Scheduler meta-data: Quartz Scheduler (v2.3.2) 'quartzScheduler' with instanceId 'NON_CLUSTERED'
  Scheduler class: 'org.quartz.core.QuartzScheduler' - running locally.
  NOT STARTED.
  Currently in standby mode.
  Number of jobs executed: 0
  Using thread pool 'org.quartz.simpl.SimpleThreadPool' - with 10 threads.
  Using job-store 'org.quartz.simpl.RAMJobStore' - which does not support persistence. and is not clustered.

2025-03-04 14:27:49 - INFO - org.quartz.impl.StdSchedulerFactory - Quartz scheduler 'quartzScheduler' initialized from an externally provided properties instance.
2025-03-04 14:27:49 - INFO - org.quartz.impl.StdSchedulerFactory - Quartz scheduler version: 2.3.2
2025-03-04 14:27:49 - INFO - org.quartz.core.QuartzScheduler - JobFactory set to: org.springframework.scheduling.quartz.SpringBeanJobFactory@7cf63b9a
2025-03-04 14:27:49 - INFO - o.s.s.quartz.SchedulerFactoryBean - Starting Quartz Scheduler now
2025-03-04 14:27:49 - INFO - org.quartz.core.QuartzScheduler - Scheduler quartzScheduler_$_NON_CLUSTERED started.
2025-03-04 14:27:49 - INFO - c.e.W.WonderdrugApplicationTests - Started WonderdrugApplicationTests in 2.531 seconds (process running for 3.811)
2025-03-04 14:27:50 - INFO - org.quartz.core.QuartzScheduler - Scheduler quartzScheduler_$_NON_CLUSTERED paused.
2025-03-04 14:27:50 - INFO - o.s.s.quartz.SchedulerFactoryBean - Shutting down Quartz Scheduler
2025-03-04 14:27:50 - INFO - org.quartz.core.QuartzScheduler - Scheduler quartzScheduler_$_NON_CLUSTERED shutting down.
2025-03-04 14:27:50 - INFO - org.quartz.core.QuartzScheduler - Scheduler quartzScheduler_$_NON_CLUSTERED paused.
2025-03-04 14:27:50 - INFO - org.quartz.core.QuartzScheduler - Scheduler quartzScheduler_$_NON_CLUSTERED shutdown complete.
2025-03-04 19:07:55 - INFO - c.e.Wonderdrug.WonderdrugApplication - Starting WonderdrugApplication using Java 21.0.5 with PID 24528 (C:\Users\Karan\git\repository\Wonderdrug\target\classes started by Karan in C:\Users\Karan\git\repository\Wonderdrug)
2025-03-04 19:07:55 - DEBUG - c.e.Wonderdrug.WonderdrugApplication - Running with Spring Boot v3.4.3, Spring v6.2.3
2025-03-04 19:07:55 - INFO - c.e.Wonderdrug.WonderdrugApplication - No active profile set, falling back to 1 default profile: "default"
2025-03-04 19:07:55 - INFO - o.s.b.d.e.DevToolsPropertyDefaultsPostProcessor - Devtools property defaults active! Set 'spring.devtools.add-properties' to 'false' to disable
2025-03-04 19:07:55 - INFO - o.s.b.d.e.DevToolsPropertyDefaultsPostProcessor - For additional web related logging consider setting the 'logging.level.web' property to 'DEBUG'
2025-03-04 19:07:56 - INFO - o.s.b.w.e.tomcat.TomcatWebServer - Tomcat initialized with port 8081 (http)
2025-03-04 19:07:56 - INFO - o.a.catalina.core.StandardService - Starting service [Tomcat]
2025-03-04 19:07:56 - INFO - o.a.catalina.core.StandardEngine - Starting Servlet engine: [Apache Tomcat/10.1.36]
2025-03-04 19:07:56 - INFO - o.a.c.c.C.[Tomcat].[localhost].[/] - Initializing Spring embedded WebApplicationContext
2025-03-04 19:07:56 - INFO - o.s.b.w.s.c.ServletWebServerApplicationContext - Root WebApplicationContext: initialization completed in 1423 ms
2025-03-04 19:07:57 - INFO - org.quartz.impl.StdSchedulerFactory - Using default implementation for ThreadExecutor
2025-03-04 19:07:57 - INFO - o.quartz.core.SchedulerSignalerImpl - Initialized Scheduler Signaller of type: class org.quartz.core.SchedulerSignalerImpl
2025-03-04 19:07:57 - INFO - org.quartz.core.QuartzScheduler - Quartz Scheduler v.2.3.2 created.
2025-03-04 19:07:57 - INFO - org.quartz.simpl.RAMJobStore - RAMJobStore initialized.
2025-03-04 19:07:57 - INFO - org.quartz.core.QuartzScheduler - Scheduler meta-data: Quartz Scheduler (v2.3.2) 'quartzScheduler' with instanceId 'NON_CLUSTERED'
  Scheduler class: 'org.quartz.core.QuartzScheduler' - running locally.
  NOT STARTED.
  Currently in standby mode.
  Number of jobs executed: 0
  Using thread pool 'org.quartz.simpl.SimpleThreadPool' - with 10 threads.
  Using job-store 'org.quartz.simpl.RAMJobStore' - which does not support persistence. and is not clustered.

2025-03-04 19:07:57 - INFO - org.quartz.impl.StdSchedulerFactory - Quartz scheduler 'quartzScheduler' initialized from an externally provided properties instance.
2025-03-04 19:07:57 - INFO - org.quartz.impl.StdSchedulerFactory - Quartz scheduler version: 2.3.2
2025-03-04 19:07:57 - INFO - org.quartz.core.QuartzScheduler - JobFactory set to: org.springframework.scheduling.quartz.SpringBeanJobFactory@3646d698
2025-03-04 19:07:57 - INFO - o.s.b.d.a.OptionalLiveReloadServer - LiveReload server is running on port 35729
2025-03-04 19:07:57 - INFO - o.s.b.w.e.tomcat.TomcatWebServer - Tomcat started on port 8081 (http) with context path '/'
2025-03-04 19:07:57 - INFO - o.s.s.quartz.SchedulerFactoryBean - Starting Quartz Scheduler now
2025-03-04 19:07:57 - INFO - org.quartz.core.QuartzScheduler - Scheduler quartzScheduler_$_NON_CLUSTERED started.
2025-03-04 19:07:57 - INFO - c.e.Wonderdrug.WonderdrugApplication - Started WonderdrugApplication in 2.592 seconds (process running for 3.062)
2025-03-04 19:09:25 - INFO - o.s.b.d.a.LocalDevToolsAutoConfiguration$RestartingClassPathChangeChangedEventListener - Restarting due to 1 class path change (0 additions, 0 deletions, 1 modification)
2025-03-04 19:09:25 - INFO - org.quartz.core.QuartzScheduler - Scheduler quartzScheduler_$_NON_CLUSTERED paused.
2025-03-04 19:09:25 - INFO - o.s.b.w.e.tomcat.GracefulShutdown - Commencing graceful shutdown. Waiting for active requests to complete
2025-03-04 19:09:26 - INFO - o.s.b.w.e.tomcat.GracefulShutdown - Graceful shutdown complete
2025-03-04 19:09:26 - INFO - o.s.s.quartz.SchedulerFactoryBean - Shutting down Quartz Scheduler
2025-03-04 19:09:26 - INFO - org.quartz.core.QuartzScheduler - Scheduler quartzScheduler_$_NON_CLUSTERED shutting down.
2025-03-04 19:09:26 - INFO - org.quartz.core.QuartzScheduler - Scheduler quartzScheduler_$_NON_CLUSTERED paused.
2025-03-04 19:09:26 - INFO - org.quartz.core.QuartzScheduler - Scheduler quartzScheduler_$_NON_CLUSTERED shutdown complete.
2025-03-04 19:09:26 - INFO - c.e.Wonderdrug.WonderdrugApplication - Starting WonderdrugApplication using Java 21.0.5 with PID 24528 (C:\Users\Karan\git\repository\Wonderdrug\target\classes started by Karan in C:\Users\Karan\git\repository\Wonderdrug)
2025-03-04 19:09:26 - DEBUG - c.e.Wonderdrug.WonderdrugApplication - Running with Spring Boot v3.4.3, Spring v6.2.3
2025-03-04 19:09:26 - INFO - c.e.Wonderdrug.WonderdrugApplication - No active profile set, falling back to 1 default profile: "default"
2025-03-04 19:09:26 - INFO - o.s.b.w.e.tomcat.TomcatWebServer - Tomcat initialized with port 8081 (http)
2025-03-04 19:09:26 - INFO - o.a.catalina.core.StandardService - Starting service [Tomcat]
2025-03-04 19:09:26 - INFO - o.a.catalina.core.StandardEngine - Starting Servlet engine: [Apache Tomcat/10.1.36]
2025-03-04 19:09:26 - INFO - o.a.c.c.C.[Tomcat].[localhost].[/] - Initializing Spring embedded WebApplicationContext
2025-03-04 19:09:26 - INFO - o.s.b.w.s.c.ServletWebServerApplicationContext - Root WebApplicationContext: initialization completed in 238 ms
2025-03-04 19:09:26 - INFO - org.quartz.impl.StdSchedulerFactory - Using default implementation for ThreadExecutor
2025-03-04 19:09:26 - INFO - o.quartz.core.SchedulerSignalerImpl - Initialized Scheduler Signaller of type: class org.quartz.core.SchedulerSignalerImpl
2025-03-04 19:09:26 - INFO - org.quartz.core.QuartzScheduler - Quartz Scheduler v.2.3.2 created.
2025-03-04 19:09:26 - INFO - org.quartz.simpl.RAMJobStore - RAMJobStore initialized.
2025-03-04 19:09:26 - INFO - org.quartz.core.QuartzScheduler - Scheduler meta-data: Quartz Scheduler (v2.3.2) 'quartzScheduler' with instanceId 'NON_CLUSTERED'
  Scheduler class: 'org.quartz.core.QuartzScheduler' - running locally.
  NOT STARTED.
  Currently in standby mode.
  Number of jobs executed: 0
  Using thread pool 'org.quartz.simpl.SimpleThreadPool' - with 10 threads.
  Using job-store 'org.quartz.simpl.RAMJobStore' - which does not support persistence. and is not clustered.

2025-03-04 19:09:26 - INFO - org.quartz.impl.StdSchedulerFactory - Quartz scheduler 'quartzScheduler' initialized from an externally provided properties instance.
2025-03-04 19:09:26 - INFO - org.quartz.impl.StdSchedulerFactory - Quartz scheduler version: 2.3.2
2025-03-04 19:09:26 - INFO - org.quartz.core.QuartzScheduler - JobFactory set to: org.springframework.scheduling.quartz.SpringBeanJobFactory@205fa56c
2025-03-04 19:09:26 - INFO - o.s.b.d.a.OptionalLiveReloadServer - LiveReload server is running on port 35729
2025-03-04 19:09:26 - INFO - o.s.b.w.e.tomcat.TomcatWebServer - Tomcat started on port 8081 (http) with context path '/'
2025-03-04 19:09:26 - INFO - o.s.s.quartz.SchedulerFactoryBean - Starting Quartz Scheduler now
2025-03-04 19:09:26 - INFO - org.quartz.core.QuartzScheduler - Scheduler quartzScheduler_$_NON_CLUSTERED started.
2025-03-04 19:09:26 - INFO - c.e.Wonderdrug.WonderdrugApplication - Started WonderdrugApplication in 0.377 seconds (process running for 91.971)
2025-03-04 19:09:26 - INFO - o.s.b.d.a.ConditionEvaluationDeltaLoggingListener - Condition evaluation unchanged
2025-03-04 19:10:01 - INFO - c.e.Wonderdrug.aws.S3FileReader - Blank row list : 2
2025-03-04 19:10:01 - INFO - c.e.Wonderdrug.aws.S3FileReader - Gile  row map : 11
2025-03-04 19:10:05 - INFO - c.e.Wonderdrug.veevasdk.UpdateObject - Inside update object method..
2025-03-04 20:02:00 - INFO - c.e.Wonderdrug.WonderdrugApplication - Starting WonderdrugApplication using Java 21.0.5 with PID 11388 (C:\Users\Karan\git\repository\Wonderdrug\target\classes started by Karan in C:\Users\Karan\git\repository\Wonderdrug)
2025-03-04 20:02:00 - DEBUG - c.e.Wonderdrug.WonderdrugApplication - Running with Spring Boot v3.4.3, Spring v6.2.3
2025-03-04 20:02:00 - INFO - c.e.Wonderdrug.WonderdrugApplication - No active profile set, falling back to 1 default profile: "default"
2025-03-04 20:02:00 - INFO - o.s.b.d.e.DevToolsPropertyDefaultsPostProcessor - Devtools property defaults active! Set 'spring.devtools.add-properties' to 'false' to disable
2025-03-04 20:02:00 - INFO - o.s.b.d.e.DevToolsPropertyDefaultsPostProcessor - For additional web related logging consider setting the 'logging.level.web' property to 'DEBUG'
2025-03-04 20:02:01 - INFO - o.s.b.w.e.tomcat.TomcatWebServer - Tomcat initialized with port 8081 (http)
2025-03-04 20:02:01 - INFO - o.a.catalina.core.StandardService - Starting service [Tomcat]
2025-03-04 20:02:01 - INFO - o.a.catalina.core.StandardEngine - Starting Servlet engine: [Apache Tomcat/10.1.36]
2025-03-04 20:02:01 - INFO - o.a.c.c.C.[Tomcat].[localhost].[/] - Initializing Spring embedded WebApplicationContext
2025-03-04 20:02:01 - INFO - o.s.b.w.s.c.ServletWebServerApplicationContext - Root WebApplicationContext: initialization completed in 1589 ms
2025-03-04 20:02:02 - INFO - org.quartz.impl.StdSchedulerFactory - Using default implementation for ThreadExecutor
2025-03-04 20:02:02 - INFO - o.quartz.core.SchedulerSignalerImpl - Initialized Scheduler Signaller of type: class org.quartz.core.SchedulerSignalerImpl
2025-03-04 20:02:02 - INFO - org.quartz.core.QuartzScheduler - Quartz Scheduler v.2.3.2 created.
2025-03-04 20:02:02 - INFO - org.quartz.simpl.RAMJobStore - RAMJobStore initialized.
2025-03-04 20:02:02 - INFO - org.quartz.core.QuartzScheduler - Scheduler meta-data: Quartz Scheduler (v2.3.2) 'quartzScheduler' with instanceId 'NON_CLUSTERED'
  Scheduler class: 'org.quartz.core.QuartzScheduler' - running locally.
  NOT STARTED.
  Currently in standby mode.
  Number of jobs executed: 0
  Using thread pool 'org.quartz.simpl.SimpleThreadPool' - with 10 threads.
  Using job-store 'org.quartz.simpl.RAMJobStore' - which does not support persistence. and is not clustered.

2025-03-04 20:02:02 - INFO - org.quartz.impl.StdSchedulerFactory - Quartz scheduler 'quartzScheduler' initialized from an externally provided properties instance.
2025-03-04 20:02:02 - INFO - org.quartz.impl.StdSchedulerFactory - Quartz scheduler version: 2.3.2
2025-03-04 20:02:02 - INFO - org.quartz.core.QuartzScheduler - JobFactory set to: org.springframework.scheduling.quartz.SpringBeanJobFactory@23fd4443
2025-03-04 20:02:02 - INFO - o.s.b.d.a.OptionalLiveReloadServer - LiveReload server is running on port 35729
2025-03-04 20:02:02 - INFO - o.s.b.w.e.tomcat.TomcatWebServer - Tomcat started on port 8081 (http) with context path '/'
2025-03-04 20:02:02 - INFO - o.s.s.quartz.SchedulerFactoryBean - Starting Quartz Scheduler now
2025-03-04 20:02:02 - INFO - org.quartz.core.QuartzScheduler - Scheduler quartzScheduler_$_NON_CLUSTERED started.
2025-03-04 20:02:02 - INFO - c.e.Wonderdrug.WonderdrugApplication - Started WonderdrugApplication in 2.865 seconds (process running for 3.325)
2025-03-04 20:03:01 - INFO - c.e.Wonderdrug.aws.S3FileReader - Blank row list : 2
2025-03-04 20:03:01 - INFO - c.e.Wonderdrug.aws.S3FileReader - Gile  row map : 11
2025-03-04 20:03:06 - INFO - c.e.Wonderdrug.veevasdk.UpdateObject - Inside update object method..
